{"level":"info","message":"   \u001b[0mGET / \u001b[32m200 \u001b[0m11.830 ms - 596\u001b[0m","timestamp":"2017-09-26T20:01:21.086Z"}
{"level":"info","message":"   \u001b[0mGET /bundle.css \u001b[32m200 \u001b[0m4.673 ms - 11730\u001b[0m","timestamp":"2017-09-26T20:01:21.104Z"}
{"level":"info","message":"   \u001b[0mGET /deps.css \u001b[32m200 \u001b[0m7.414 ms - 999865\u001b[0m","timestamp":"2017-09-26T20:01:21.116Z"}
{"level":"info","message":"   \u001b[0mGET /deps.js \u001b[32m200 \u001b[0m1.500 ms - 980360\u001b[0m","timestamp":"2017-09-26T20:01:21.119Z"}
{"level":"info","message":"   \u001b[0mGET /bundle.js \u001b[32m200 \u001b[0m1.383 ms - 5689\u001b[0m","timestamp":"2017-09-26T20:01:21.274Z"}
{"level":"info","message":"   \u001b[0mGET /search \u001b[32m200 \u001b[0m2.871 ms - 596\u001b[0m","timestamp":"2017-09-26T20:01:27.336Z"}
{"level":"info","message":"   \u001b[0mGET /deps.css \u001b[36m304 \u001b[0m1.306 ms - -\u001b[0m","timestamp":"2017-09-26T20:01:27.353Z"}
{"level":"info","message":"   \u001b[0mGET /bundle.css \u001b[36m304 \u001b[0m2.440 ms - -\u001b[0m","timestamp":"2017-09-26T20:01:27.354Z"}
{"level":"info","message":"   \u001b[0mGET /deps.js \u001b[36m304 \u001b[0m0.490 ms - -\u001b[0m","timestamp":"2017-09-26T20:01:27.359Z"}
{"level":"info","message":"   \u001b[0mGET /bundle.js \u001b[36m304 \u001b[0m0.631 ms - -\u001b[0m","timestamp":"2017-09-26T20:01:27.365Z"}
{"level":"info","message":"   \u001b[0mGET /search \u001b[36m304 \u001b[0m1.953 ms - -\u001b[0m","timestamp":"2017-09-26T20:05:46.460Z"}
{"level":"info","message":"   \u001b[0mGET /deps.css \u001b[36m304 \u001b[0m0.750 ms - -\u001b[0m","timestamp":"2017-09-26T20:05:46.484Z"}
{"level":"info","message":"   \u001b[0mGET /bundle.css \u001b[36m304 \u001b[0m1.050 ms - -\u001b[0m","timestamp":"2017-09-26T20:05:46.484Z"}
{"level":"info","message":"   \u001b[0mGET /deps.js \u001b[36m304 \u001b[0m0.668 ms - -\u001b[0m","timestamp":"2017-09-26T20:05:46.490Z"}
{"level":"info","message":"   \u001b[0mGET /bundle.js \u001b[32m200 \u001b[0m1.926 ms - 5943\u001b[0m","timestamp":"2017-09-26T20:05:46.500Z"}
{"level":"info","message":"   \u001b[0mGET / \u001b[36m304 \u001b[0m11.937 ms - -\u001b[0m","timestamp":"2017-09-26T20:08:26.481Z"}
{"level":"info","message":"   \u001b[0mGET /bundle.css \u001b[32m200 \u001b[0m4.385 ms - 11730\u001b[0m","timestamp":"2017-09-26T20:08:26.509Z"}
{"level":"info","message":"   \u001b[0mGET /deps.css \u001b[32m200 \u001b[0m7.503 ms - 999865\u001b[0m","timestamp":"2017-09-26T20:08:26.523Z"}
{"level":"info","message":"   \u001b[0mGET /deps.js \u001b[32m200 \u001b[0m1.666 ms - 1161580\u001b[0m","timestamp":"2017-09-26T20:08:26.630Z"}
{"level":"info","message":"   \u001b[0mGET /bundle.js \u001b[32m200 \u001b[0m1.266 ms - 9255\u001b[0m","timestamp":"2017-09-26T20:08:26.654Z"}
{"level":"info","message":"   \u001b[0mGET / \u001b[36m304 \u001b[0m2.428 ms - -\u001b[0m","timestamp":"2017-09-26T20:08:31.040Z"}
{"level":"info","message":"   \u001b[0mGET /deps.css \u001b[36m304 \u001b[0m1.554 ms - -\u001b[0m","timestamp":"2017-09-26T20:08:31.058Z"}
{"level":"info","message":"   \u001b[0mGET /bundle.css \u001b[36m304 \u001b[0m2.269 ms - -\u001b[0m","timestamp":"2017-09-26T20:08:31.059Z"}
{"level":"info","message":"   \u001b[0mGET /deps.js \u001b[36m304 \u001b[0m1.100 ms - -\u001b[0m","timestamp":"2017-09-26T20:08:31.066Z"}
{"level":"info","message":"   \u001b[0mGET /bundle.js \u001b[36m304 \u001b[0m0.479 ms - -\u001b[0m","timestamp":"2017-09-26T20:08:31.071Z"}
{"level":"info","message":"   \u001b[0mGET /deps.css \u001b[36m304 \u001b[0m1.283 ms - -\u001b[0m","timestamp":"2017-09-26T20:08:58.928Z"}
{"level":"info","message":"   \u001b[0mGET /bundle.css \u001b[36m304 \u001b[0m1.269 ms - -\u001b[0m","timestamp":"2017-09-26T20:08:58.929Z"}
{"level":"info","message":"   \u001b[0mGET / \u001b[32m200 \u001b[0m1.687 ms - 596\u001b[0m","timestamp":"2017-09-26T20:09:01.473Z"}
{"level":"info","message":"   \u001b[0mGET /bundle.css \u001b[32m200 \u001b[0m3.838 ms - 11730\u001b[0m","timestamp":"2017-09-26T20:09:01.500Z"}
{"level":"info","message":"   \u001b[0mGET /deps.css \u001b[32m200 \u001b[0m2.329 ms - 999865\u001b[0m","timestamp":"2017-09-26T20:09:01.522Z"}
{"level":"info","message":"   \u001b[0mGET /deps.js \u001b[32m200 \u001b[0m7.382 ms - 1161580\u001b[0m","timestamp":"2017-09-26T20:09:01.537Z"}
{"level":"info","message":"   \u001b[0mGET /bundle.js \u001b[32m200 \u001b[0m1.177 ms - 9255\u001b[0m","timestamp":"2017-09-26T20:09:01.747Z"}
{"level":"info","message":"   \u001b[0mGET / \u001b[32m200 \u001b[0m1.582 ms - 558\u001b[0m","timestamp":"2017-09-26T20:09:23.404Z"}
{"level":"info","message":"   \u001b[0mGET /bundle.css \u001b[32m200 \u001b[0m2.202 ms - 11730\u001b[0m","timestamp":"2017-09-26T20:09:23.430Z"}
{"level":"info","message":"   \u001b[0mGET /deps.css \u001b[32m200 \u001b[0m1.754 ms - 999865\u001b[0m","timestamp":"2017-09-26T20:09:23.448Z"}
{"level":"info","message":"   \u001b[0mGET /deps.js \u001b[32m200 \u001b[0m2.367 ms - 1161580\u001b[0m","timestamp":"2017-09-26T20:09:23.456Z"}
{"level":"info","message":"   \u001b[0mGET /bundle.js \u001b[32m200 \u001b[0m1.536 ms - 9255\u001b[0m","timestamp":"2017-09-26T20:09:23.659Z"}
{"level":"info","message":"   \u001b[0mGET / \u001b[32m200 \u001b[0m0.932 ms - 543\u001b[0m","timestamp":"2017-09-26T20:09:31.173Z"}
{"level":"info","message":"   \u001b[0mGET /bundle.css \u001b[32m200 \u001b[0m0.892 ms - 11730\u001b[0m","timestamp":"2017-09-26T20:09:31.196Z"}
{"level":"info","message":"   \u001b[0mGET /deps.js \u001b[32m200 \u001b[0m1.207 ms - 1161580\u001b[0m","timestamp":"2017-09-26T20:09:31.215Z"}
{"level":"info","message":"   \u001b[0mGET /deps.css \u001b[32m200 \u001b[0m1.109 ms - 999865\u001b[0m","timestamp":"2017-09-26T20:09:31.361Z"}
{"level":"info","message":"   \u001b[0mGET /bundle.js \u001b[32m200 \u001b[0m1.005 ms - 9255\u001b[0m","timestamp":"2017-09-26T20:09:31.389Z"}
{"level":"info","message":"   \u001b[0mGET / \u001b[32m200 \u001b[0m1.420 ms - 543\u001b[0m","timestamp":"2017-09-26T20:10:13.797Z"}
{"level":"info","message":"   \u001b[0mGET /bundle.css \u001b[32m200 \u001b[0m2.391 ms - 11730\u001b[0m","timestamp":"2017-09-26T20:10:13.828Z"}
{"level":"info","message":"   \u001b[0mGET /deps.css \u001b[32m200 \u001b[0m2.930 ms - 999865\u001b[0m","timestamp":"2017-09-26T20:10:14.017Z"}
{"level":"info","message":"   \u001b[0mGET /deps.js \u001b[32m200 \u001b[0m0.683 ms - 1161580\u001b[0m","timestamp":"2017-09-26T20:10:14.046Z"}
{"level":"info","message":"   \u001b[0mGET /bundle.js \u001b[32m200 \u001b[0m2.622 ms - 9367\u001b[0m","timestamp":"2017-09-26T20:10:14.057Z"}
{"level":"info","message":"   \u001b[0mGET / \u001b[32m200 \u001b[0m2.018 ms - 543\u001b[0m","timestamp":"2017-09-26T20:10:20.553Z"}
{"level":"info","message":"   \u001b[0mGET /bundle.css \u001b[32m200 \u001b[0m3.327 ms - 11730\u001b[0m","timestamp":"2017-09-26T20:10:20.577Z"}
{"level":"info","message":"   \u001b[0mGET /deps.css \u001b[32m200 \u001b[0m3.605 ms - 999865\u001b[0m","timestamp":"2017-09-26T20:10:20.587Z"}
{"level":"info","message":"   \u001b[0mGET /deps.js \u001b[32m200 \u001b[0m1.230 ms - 1161580\u001b[0m","timestamp":"2017-09-26T20:10:20.775Z"}
{"level":"info","message":"   \u001b[0mGET /bundle.js \u001b[32m200 \u001b[0m0.840 ms - 9367\u001b[0m","timestamp":"2017-09-26T20:10:20.787Z"}
{"level":"info","message":"   \u001b[0mGET / \u001b[32m200 \u001b[0m5.127 ms - 543\u001b[0m","timestamp":"2017-09-26T20:10:59.655Z"}
{"level":"info","message":"   \u001b[0mGET /bundle.css \u001b[32m200 \u001b[0m4.306 ms - 11730\u001b[0m","timestamp":"2017-09-26T20:10:59.684Z"}
{"level":"info","message":"   \u001b[0mGET /deps.css \u001b[32m200 \u001b[0m4.834 ms - 999865\u001b[0m","timestamp":"2017-09-26T20:10:59.702Z"}
{"level":"info","message":"   \u001b[0mGET /deps.js \u001b[32m200 \u001b[0m2.497 ms - 1161580\u001b[0m","timestamp":"2017-09-26T20:10:59.807Z"}
{"level":"info","message":"   \u001b[0mGET /bundle.js \u001b[32m200 \u001b[0m2.025 ms - 9487\u001b[0m","timestamp":"2017-09-26T20:10:59.912Z"}
{"level":"info","message":"   \u001b[0mGET /search \u001b[32m200 \u001b[0m6.312 ms - 543\u001b[0m","timestamp":"2017-09-26T20:11:04.643Z"}
{"level":"info","message":"   \u001b[0mGET /bundle.css \u001b[32m200 \u001b[0m4.083 ms - 11730\u001b[0m","timestamp":"2017-09-26T20:11:04.669Z"}
{"level":"info","message":"   \u001b[0mGET /deps.css \u001b[32m200 \u001b[0m6.395 ms - 999865\u001b[0m","timestamp":"2017-09-26T20:11:04.690Z"}
{"level":"info","message":"   \u001b[0mGET /deps.js \u001b[32m200 \u001b[0m2.842 ms - 1161580\u001b[0m","timestamp":"2017-09-26T20:11:04.693Z"}
{"level":"info","message":"   \u001b[0mGET /bundle.js \u001b[32m200 \u001b[0m2.659 ms - 9487\u001b[0m","timestamp":"2017-09-26T20:11:04.861Z"}
{"level":"info","message":"   \u001b[0mGET /view \u001b[32m200 \u001b[0m2.117 ms - 543\u001b[0m","timestamp":"2017-09-26T20:11:16.348Z"}
{"level":"info","message":"   \u001b[0mGET /bundle.css \u001b[32m200 \u001b[0m1.246 ms - 11730\u001b[0m","timestamp":"2017-09-26T20:11:16.370Z"}
{"level":"info","message":"   \u001b[0mGET /deps.css \u001b[32m200 \u001b[0m1.330 ms - 999865\u001b[0m","timestamp":"2017-09-26T20:11:16.384Z"}
{"level":"info","message":"   \u001b[0mGET /deps.js \u001b[32m200 \u001b[0m2.587 ms - 1161580\u001b[0m","timestamp":"2017-09-26T20:11:16.393Z"}
{"level":"info","message":"   \u001b[0mGET /bundle.js \u001b[32m200 \u001b[0m1.852 ms - 9487\u001b[0m","timestamp":"2017-09-26T20:11:16.590Z"}
{"level":"info","message":"   \u001b[0mGET /view \u001b[32m200 \u001b[0m1.570 ms - 543\u001b[0m","timestamp":"2017-09-26T20:11:31.245Z"}
{"level":"info","message":"   \u001b[0mGET /bundle.css \u001b[32m200 \u001b[0m0.921 ms - 11730\u001b[0m","timestamp":"2017-09-26T20:11:31.271Z"}
{"level":"info","message":"   \u001b[0mGET /deps.css \u001b[32m200 \u001b[0m1.080 ms - 999865\u001b[0m","timestamp":"2017-09-26T20:11:31.284Z"}
{"level":"info","message":"   \u001b[0mGET /deps.js \u001b[32m200 \u001b[0m2.311 ms - 1161580\u001b[0m","timestamp":"2017-09-26T20:11:31.497Z"}
{"level":"info","message":"   \u001b[0mGET /bundle.js \u001b[32m200 \u001b[0m1.005 ms - 9564\u001b[0m","timestamp":"2017-09-26T20:11:31.538Z"}
{"level":"info","message":"   \u001b[0mGET / \u001b[32m200 \u001b[0m1.087 ms - 543\u001b[0m","timestamp":"2017-09-26T20:11:34.919Z"}
{"level":"info","message":"   \u001b[0mGET /bundle.css \u001b[32m200 \u001b[0m1.067 ms - 11730\u001b[0m","timestamp":"2017-09-26T20:11:34.944Z"}
{"level":"info","message":"   \u001b[0mGET /deps.css \u001b[32m200 \u001b[0m1.271 ms - 999865\u001b[0m","timestamp":"2017-09-26T20:11:35.053Z"}
{"level":"info","message":"   \u001b[0mGET /deps.js \u001b[32m200 \u001b[0m1.071 ms - 1161580\u001b[0m","timestamp":"2017-09-26T20:11:35.119Z"}
{"level":"info","message":"   \u001b[0mGET /bundle.js \u001b[32m200 \u001b[0m2.514 ms - 9564\u001b[0m","timestamp":"2017-09-26T20:11:35.150Z"}
{"level":"info","message":"   \u001b[0mGET / \u001b[32m200 \u001b[0m1.514 ms - 543\u001b[0m","timestamp":"2017-09-26T20:12:27.068Z"}
{"level":"info","message":"   \u001b[0mGET /bundle.css \u001b[32m200 \u001b[0m1.873 ms - 11730\u001b[0m","timestamp":"2017-09-26T20:12:27.092Z"}
{"level":"info","message":"   \u001b[0mGET /deps.css \u001b[32m200 \u001b[0m1.885 ms - 999865\u001b[0m","timestamp":"2017-09-26T20:12:27.103Z"}
{"level":"info","message":"   \u001b[0mGET /bundle.js \u001b[32m200 \u001b[0m1.271 ms - 9760\u001b[0m","timestamp":"2017-09-26T20:12:27.361Z"}
{"level":"info","message":"   \u001b[0mGET /deps.js \u001b[32m200 \u001b[0m2.487 ms - 1702126\u001b[0m","timestamp":"2017-09-26T20:12:27.376Z"}
{"level":"info","message":"   \u001b[0mGET / \u001b[32m200 \u001b[0m1.466 ms - 543\u001b[0m","timestamp":"2017-09-26T20:12:29.171Z"}
{"level":"info","message":"   \u001b[0mGET /bundle.css \u001b[32m200 \u001b[0m2.548 ms - 11730\u001b[0m","timestamp":"2017-09-26T20:12:29.199Z"}
{"level":"info","message":"   \u001b[0mGET /deps.css \u001b[32m200 \u001b[0m3.602 ms - 999865\u001b[0m","timestamp":"2017-09-26T20:12:29.371Z"}
{"level":"info","message":"   \u001b[0mGET /deps.js \u001b[32m200 \u001b[0m3.097 ms - 1702126\u001b[0m","timestamp":"2017-09-26T20:12:29.400Z"}
{"level":"info","message":"   \u001b[0mGET /bundle.js \u001b[32m200 \u001b[0m1.761 ms - 9765\u001b[0m","timestamp":"2017-09-26T20:12:29.403Z"}
{"level":"info","message":"   \u001b[0mGET / \u001b[32m200 \u001b[0m1.092 ms - 543\u001b[0m","timestamp":"2017-09-26T20:12:31.844Z"}
{"level":"info","message":"   \u001b[0mGET /bundle.css \u001b[32m200 \u001b[0m0.823 ms - 11730\u001b[0m","timestamp":"2017-09-26T20:12:31.866Z"}
{"level":"info","message":"   \u001b[0mGET /deps.css \u001b[32m200 \u001b[0m1.025 ms - 999865\u001b[0m","timestamp":"2017-09-26T20:12:31.878Z"}
{"level":"info","message":"   \u001b[0mGET /deps.js \u001b[32m200 \u001b[0m1.417 ms - 1702126\u001b[0m","timestamp":"2017-09-26T20:12:32.054Z"}
{"level":"info","message":"   \u001b[0mGET /bundle.js \u001b[32m200 \u001b[0m3.451 ms - 9765\u001b[0m","timestamp":"2017-09-26T20:12:32.063Z"}
{"level":"info","message":"   \u001b[0mGET /searcj \u001b[32m200 \u001b[0m1.233 ms - 543\u001b[0m","timestamp":"2017-09-26T20:12:35.264Z"}
{"level":"info","message":"   \u001b[0mGET /bundle.css \u001b[32m200 \u001b[0m1.193 ms - 11730\u001b[0m","timestamp":"2017-09-26T20:12:35.286Z"}
{"level":"info","message":"   \u001b[0mGET /deps.css \u001b[32m200 \u001b[0m1.289 ms - 999865\u001b[0m","timestamp":"2017-09-26T20:12:35.298Z"}
{"level":"info","message":"   \u001b[0mGET /bundle.js \u001b[32m200 \u001b[0m0.788 ms - 9765\u001b[0m","timestamp":"2017-09-26T20:12:35.483Z"}
{"level":"info","message":"   \u001b[0mGET /deps.js \u001b[32m200 \u001b[0m1.154 ms - 1702126\u001b[0m","timestamp":"2017-09-26T20:12:35.488Z"}
{"level":"info","message":"   \u001b[0mGET /search \u001b[32m200 \u001b[0m1.299 ms - 543\u001b[0m","timestamp":"2017-09-26T20:12:40.582Z"}
{"level":"info","message":"   \u001b[0mGET /bundle.css \u001b[32m200 \u001b[0m2.089 ms - 11730\u001b[0m","timestamp":"2017-09-26T20:12:40.605Z"}
{"level":"info","message":"   \u001b[0mGET /deps.css \u001b[32m200 \u001b[0m2.198 ms - 999865\u001b[0m","timestamp":"2017-09-26T20:12:40.615Z"}
{"level":"info","message":"   \u001b[0mGET /deps.js \u001b[32m200 \u001b[0m1.196 ms - 1702126\u001b[0m","timestamp":"2017-09-26T20:12:40.789Z"}
{"level":"info","message":"   \u001b[0mGET /bundle.js \u001b[32m200 \u001b[0m0.876 ms - 9765\u001b[0m","timestamp":"2017-09-26T20:12:40.797Z"}
{"level":"info","message":"   \u001b[0mGET /search \u001b[32m200 \u001b[0m1.409 ms - 543\u001b[0m","timestamp":"2017-09-26T20:13:59.217Z"}
{"level":"info","message":"   \u001b[0mGET /bundle.css \u001b[32m200 \u001b[0m2.440 ms - 11730\u001b[0m","timestamp":"2017-09-26T20:13:59.248Z"}
{"level":"info","message":"   \u001b[0mGET /deps.css \u001b[32m200 \u001b[0m1.918 ms - 999865\u001b[0m","timestamp":"2017-09-26T20:13:59.433Z"}
{"level":"info","message":"   \u001b[0mGET /bundle.js \u001b[32m200 \u001b[0m1.261 ms - 10337\u001b[0m","timestamp":"2017-09-26T20:13:59.466Z"}
{"level":"info","message":"   \u001b[0mGET /deps.js \u001b[32m200 \u001b[0m0.814 ms - 1702126\u001b[0m","timestamp":"2017-09-26T20:13:59.470Z"}
{"level":"info","message":"   \u001b[0mGET /32452345 \u001b[32m200 \u001b[0m1.509 ms - 543\u001b[0m","timestamp":"2017-09-26T20:14:01.230Z"}
{"level":"info","message":"   \u001b[0mGET /bundle.css \u001b[32m200 \u001b[0m1.290 ms - 11730\u001b[0m","timestamp":"2017-09-26T20:14:01.253Z"}
{"level":"info","message":"   \u001b[0mGET /deps.css \u001b[32m200 \u001b[0m1.592 ms - 999865\u001b[0m","timestamp":"2017-09-26T20:14:01.264Z"}
{"level":"info","message":"   \u001b[0mGET /bundle.js \u001b[32m200 \u001b[0m1.108 ms - 10337\u001b[0m","timestamp":"2017-09-26T20:14:01.443Z"}
{"level":"info","message":"   \u001b[0mGET /deps.js \u001b[32m200 \u001b[0m1.102 ms - 1702126\u001b[0m","timestamp":"2017-09-26T20:14:01.443Z"}
