0 info it worked if it ends with ok
1 verbose cli [ '/Users/dylanfong/.nvm/versions/node/v7.7.1/bin/node',
1 verbose cli   '/Users/dylanfong/.nvm/versions/node/v7.7.1/bin/npm',
1 verbose cli   'run',
1 verbose cli   'watch' ]
2 info using npm@4.1.2
3 info using node@v7.7.1
4 verbose run-script [ 'prewatch', 'watch', 'postwatch' ]
5 info lifecycle app-ui@0.0.0~prewatch: app-ui@0.0.0
6 silly lifecycle app-ui@0.0.0~prewatch: no script for prewatch, continuing
7 info lifecycle app-ui@0.0.0~watch: app-ui@0.0.0
8 verbose lifecycle app-ui@0.0.0~watch: unsafe-perm in lifecycle true
9 verbose lifecycle app-ui@0.0.0~watch: PATH: /Users/dylanfong/.nvm/versions/node/v7.7.1/lib/node_modules/npm/bin/node-gyp-bin:/Users/dylanfong/Documents/workspace/work/pc/app-ui/node_modules/.bin:/Users/dylanfong/.nvm/versions/node/v7.7.1/bin:/usr/local/bin:/usr/bin:/bin:/usr/sbin:/sbin:/opt/X11/bin
10 verbose lifecycle app-ui@0.0.0~watch: CWD: /Users/dylanfong/Documents/workspace/work/pc/app-ui
11 silly lifecycle app-ui@0.0.0~watch: Args: [ '-c', 'run-p watch:*' ]
12 silly lifecycle app-ui@0.0.0~watch: Returned: code: 1  signal: null
13 info lifecycle app-ui@0.0.0~watch: Failed to exec watch script
14 verbose stack Error: app-ui@0.0.0 watch: `run-p watch:*`
14 verbose stack Exit status 1
14 verbose stack     at EventEmitter.<anonymous> (/Users/dylanfong/.nvm/versions/node/v7.7.1/lib/node_modules/npm/lib/utils/lifecycle.js:279:16)
14 verbose stack     at emitTwo (events.js:106:13)
14 verbose stack     at EventEmitter.emit (events.js:194:7)
14 verbose stack     at ChildProcess.<anonymous> (/Users/dylanfong/.nvm/versions/node/v7.7.1/lib/node_modules/npm/lib/utils/spawn.js:40:14)
14 verbose stack     at emitTwo (events.js:106:13)
14 verbose stack     at ChildProcess.emit (events.js:194:7)
14 verbose stack     at maybeClose (internal/child_process.js:899:16)
14 verbose stack     at Process.ChildProcess._handle.onexit (internal/child_process.js:226:5)
15 verbose pkgid app-ui@0.0.0
16 verbose cwd /Users/dylanfong/Documents/workspace/work/pc/app-ui
17 error Darwin 15.6.0
18 error argv "/Users/dylanfong/.nvm/versions/node/v7.7.1/bin/node" "/Users/dylanfong/.nvm/versions/node/v7.7.1/bin/npm" "run" "watch"
19 error node v7.7.1
20 error npm  v4.1.2
21 error code ELIFECYCLE
22 error app-ui@0.0.0 watch: `run-p watch:*`
22 error Exit status 1
23 error Failed at the app-ui@0.0.0 watch script 'run-p watch:*'.
23 error Make sure you have the latest version of node.js and npm installed.
23 error If you do, this is most likely a problem with the app-ui package,
23 error not with npm itself.
23 error Tell the author that this fails on your system:
23 error     run-p watch:*
23 error You can get information on how to open an issue for this project with:
23 error     npm bugs app-ui
23 error Or if that isn't available, you can get their info via:
23 error     npm owner ls app-ui
23 error There is likely additional logging output above.
24 verbose exit [ 1, true ]
